<?xml version="1.0" encoding="UTF-8"?>
<testng-results skipped="0" failed="0" total="1" passed="1">
  <reporter-output>
  </reporter-output>
  <suite name="Default suite" duration-ms="56" started-at="2016-05-15T07:33:10Z" finished-at="2016-05-15T07:33:10Z">
    <groups>
    </groups>
    <test name="Default test" duration-ms="56" started-at="2016-05-15T07:33:10Z" finished-at="2016-05-15T07:33:10Z">
      <class name="com.selenium.sample.TestListenerPrac">
        <test-method status="PASS" signature="newTest(org.testng.ITestContext)[pri:0, instance:com.selenium.sample.TestListenerPrac@1276ff65]" name="newTest" duration-ms="17" started-at="2016-05-15T13:03:10Z" finished-at="2016-05-15T13:03:10Z">
          <params>
            <param index="0">
              <value>
                <![CDATA[org.testng.TestRunner@7c2848b1]]>
              </value>
            </param>
          </params>
          <reporter-output>
          </reporter-output>
        </test-method> <!-- newTest -->
      </class> <!-- com.selenium.sample.TestListenerPrac -->
    </test> <!-- Default test -->
  </suite> <!-- Default suite -->
</testng-results>
